{
  "RSpec": {
    "coverage": {
      "/Users/haroldrangelcharris/projects/API_Soccer_field/config/environment.rb": [
        null,
        1,
        null,
        null,
        1
      ],
      "/Users/haroldrangelcharris/projects/API_Soccer_field/config/application.rb": [
        1,
        null,
        1,
        null,
        1,
        null,
        1,
        null,
        null,
        null,
        null,
        1,
        1,
        1,
        1,
        1,
        null,
        null,
        null,
        null,
        null,
        null,
        null,
        null,
        null,
        null,
        null,
        null,
        null,
        null,
        null,
        null,
        null,
        null,
        null,
        null,
        null,
        null,
        null,
        null,
        1,
        null,
        null,
        1,
        null,
        null,
        null,
        null,
        null,
        null,
        null,
        null,
        null,
        null,
        null,
        null,
        null,
        1,
        null,
        null,
        1,
        null,
        null
      ],
      "/Users/haroldrangelcharris/projects/API_Soccer_field/config/boot.rb": [
        1,
        null,
        null,
        1,
        null,
        1
      ],
      "/Users/haroldrangelcharris/projects/API_Soccer_field/config/environments/test.rb": [
        1,
        null,
        null,
        null,
        null,
        null,
        null,
        1,
        null,
        null,
        1,
        1,
        null,
        null,
        1,
        null,
        null,
        1,
        1,
        null,
        null,
        1,
        null,
        null,
        1,
        null,
        null,
        null,
        null,
        1,
        null,
        null,
        1,
        null,
        null,
        1,
        null
      ],
      "/Users/haroldrangelcharris/projects/API_Soccer_field/config/initializers/backtrace_silencers.rb": [
        null,
        null,
        null,
        null,
        null,
        null,
        null
      ],
      "/Users/haroldrangelcharris/projects/API_Soccer_field/config/initializers/inflections.rb": [
        null,
        null,
        null,
        null,
        null,
        null,
        null,
        null,
        null,
        null,
        null,
        null,
        null,
        null,
        null
      ],
      "/Users/haroldrangelcharris/projects/API_Soccer_field/config/initializers/mime_types.rb": [
        null,
        null,
        null,
        null,
        null
      ],
      "/Users/haroldrangelcharris/projects/API_Soccer_field/config/initializers/secret_token.rb": [
        null,
        null,
        null,
        null,
        null,
        null,
        1
      ],
      "/Users/haroldrangelcharris/projects/API_Soccer_field/config/initializers/session_store.rb": [
        null,
        null,
        1,
        null,
        null,
        null,
        null,
        null
      ],
      "/Users/haroldrangelcharris/projects/API_Soccer_field/config/initializers/wrap_parameters.rb": [
        null,
        null,
        null,
        null,
        null,
        null,
        1,
        1,
        null,
        null,
        null,
        1,
        1,
        null
      ],
      "/Users/haroldrangelcharris/projects/API_Soccer_field/app/controllers/application_controller.rb": [
        1,
        1,
        null
      ],
      "/Users/haroldrangelcharris/projects/API_Soccer_field/app/helpers/key_helper.rb": [
        1,
        null
      ],
      "/Users/haroldrangelcharris/projects/API_Soccer_field/app/controllers/authenticate_controller.rb": [
        1,
        1,
        0,
        null,
        0,
        0,
        0,
        null,
        0,
        null,
        null,
        null,
        null,
        null,
        null,
        null,
        null,
        null,
        null,
        null,
        0,
        null,
        0,
        null,
        null,
        null,
        null,
        1,
        0,
        0,
        null,
        null
      ],
      "/Users/haroldrangelcharris/projects/API_Soccer_field/app/controllers/key_controller.rb": [
        1,
        1,
        null,
        1,
        1,
        1,
        1,
        null,
        null,
        1,
        null,
        null
      ],
      "/Users/haroldrangelcharris/projects/API_Soccer_field/lib/authentication/KeysManager.rb": [
        null,
        1,
        null,
        1,
        2,
        null,
        null,
        1,
        1,
        null,
        null,
        1,
        3,
        null,
        null,
        null,
        null
      ],
      "/Users/haroldrangelcharris/projects/API_Soccer_field/config/routes.rb": [
        1,
        null,
        null,
        1,
        null,
        1,
        null,
        null,
        null,
        null,
        null,
        null,
        null,
        null,
        null,
        null,
        null,
        null,
        null,
        null,
        null,
        null,
        null,
        null,
        null,
        null,
        null,
        null,
        null,
        null,
        null,
        null,
        null,
        null,
        null,
        null,
        null,
        null,
        null,
        null,
        null,
        null,
        null,
        null,
        null,
        null,
        null,
        null,
        null,
        null,
        null,
        null,
        null,
        null,
        null,
        null,
        null,
        null,
        null,
        null,
        null,
        null,
        null,
        null,
        1,
        null
      ],
      "/Users/haroldrangelcharris/projects/API_Soccer_field/spec/helpers/key_helper_spec.rb": [
        1,
        null,
        null,
        null,
        null,
        null,
        null,
        null,
        null,
        null,
        null,
        null,
        1,
        1,
        null
      ],
      "/Users/haroldrangelcharris/projects/API_Soccer_field/spec/lib/authentication/KeysManager_spec.rb": [
        1,
        1,
        null,
        1,
        1,
        1,
        1,
        1,
        1,
        1,
        1,
        null,
        0,
        null,
        1,
        null,
        null,
        null,
        null
      ],
      "/Users/haroldrangelcharris/projects/API_Soccer_field/spec/views/key/create.html.erb_spec.rb": [
        1,
        null,
        1,
        1,
        null
      ],
      "/Users/haroldrangelcharris/projects/API_Soccer_field/spec/views/key/destroy.html.erb_spec.rb": [
        1,
        null,
        1,
        1,
        null
      ],
      "/Users/haroldrangelcharris/projects/API_Soccer_field/spec/views/keys_controller/create.html.erb_spec.rb": [
        1,
        null,
        1,
        1,
        null
      ],
      "/Users/haroldrangelcharris/projects/API_Soccer_field/spec/views/keys_controller/destroy.html.erb_spec.rb": [
        1,
        null,
        1,
        1,
        null
      ]
    },
    "timestamp": 1332436287
  }
}
