{
  "RSpec": {
    "coverage": {
      "/Users/leonardo/proyects/API_Soccer_Fields/config/environment.rb": [
        null,
        1,
        null,
        null,
        1
      ],
      "/Users/leonardo/proyects/API_Soccer_Fields/config/application.rb": [
        1,
        null,
        1,
        null,
        1,
        null,
        1,
        null,
        null,
        null,
        null,
        1,
        1,
        1,
        1,
        1,
        null,
        null,
        null,
        null,
        null,
        null,
        null,
        null,
        null,
        null,
        null,
        null,
        null,
        null,
        null,
        null,
        null,
        null,
        null,
        null,
        null,
        null,
        null,
        1,
        null,
        null,
        1,
        null,
        null,
        null,
        null,
        null,
        null,
        null,
        null,
        null,
        null,
        null,
        null,
        null,
        1,
        null,
        null,
        1,
        null,
        null
      ],
      "/Users/leonardo/proyects/API_Soccer_Fields/config/boot.rb": [
        1,
        null,
        null,
        1,
        null,
        1
      ],
      "/Users/leonardo/proyects/API_Soccer_Fields/config/environments/test.rb": [
        1,
        null,
        null,
        null,
        null,
        null,
        null,
        1,
        null,
        1,
        1,
        1,
        null,
        null,
        1,
        1,
        null,
        null,
        1,
        null,
        null,
        1,
        1,
        null,
        null,
        1,
        null,
        null,
        1,
        null,
        null,
        null,
        null,
        1,
        null,
        null,
        1,
        null,
        null,
        1,
        null
      ],
      "/Users/leonardo/proyects/API_Soccer_Fields/config/initializers/backtrace_silencers.rb": [
        null,
        null,
        null,
        null,
        null,
        null,
        null
      ],
      "/Users/leonardo/proyects/API_Soccer_Fields/config/initializers/inflections.rb": [
        null,
        null,
        null,
        null,
        null,
        null,
        null,
        null,
        null,
        null,
        null,
        null,
        null,
        null,
        null
      ],
      "/Users/leonardo/proyects/API_Soccer_Fields/config/initializers/mime_types.rb": [
        null,
        null,
        null,
        null,
        null
      ],
      "/Users/leonardo/proyects/API_Soccer_Fields/config/initializers/secret_token.rb": [
        null,
        null,
        null,
        null,
        null,
        null,
        1
      ],
      "/Users/leonardo/proyects/API_Soccer_Fields/config/initializers/session_store.rb": [
        null,
        null,
        1,
        null,
        null,
        null,
        null,
        null
      ],
      "/Users/leonardo/proyects/API_Soccer_Fields/config/initializers/wrap_parameters.rb": [
        null,
        null,
        null,
        null,
        null,
        null,
        1,
        1,
        null,
        null,
        null,
        1,
        1,
        null
      ],
      "/Users/leonardo/proyects/API_Soccer_Fields/app/controllers/application_controller.rb": [
        1,
        1,
        null
      ],
      "/Users/leonardo/proyects/API_Soccer_Fields/app/helpers/application_helper.rb": [
        1,
        null
      ],
      "/Users/leonardo/proyects/API_Soccer_Fields/app/helpers/authenticate_helper.rb": [
        1,
        null
      ],
      "/Users/leonardo/proyects/API_Soccer_Fields/app/controllers/authenticate_controller.rb": [
        1,
        1,
        0,
        null,
        null
      ],
      "/Users/leonardo/proyects/API_Soccer_Fields/config/routes.rb": [
        1,
        null,
        null,
        null,
        null,
        null,
        null,
        null,
        null,
        null,
        null,
        null,
        null,
        null,
        null,
        null,
        null,
        null,
        null,
        null,
        null,
        null,
        null,
        null,
        null,
        null,
        null,
        null,
        null,
        null,
        null,
        null,
        null,
        null,
        null,
        null,
        null,
        null,
        null,
        null,
        null,
        null,
        null,
        null,
        null,
        null,
        null,
        null,
        null,
        null,
        null,
        null,
        null,
        null,
        null,
        null,
        null,
        null,
        1,
        null
      ],
      "/Users/leonardo/proyects/API_Soccer_Fields/lib/authentication/auditor.rb": [
        1,
        null,
        1,
        1,
        null,
        null,
        null
      ]
    },
    "timestamp": 1332367818
  }
}
